Name                             Stmts   Miss Branch BrPart   Cover   Missing
-----------------------------------------------------------------------------
src/mlops_project/api.py             0      0      0      0 100.00%
src/mlops_project/data.py           75     22      6      1  71.60%   104-137, 154
src/mlops_project/dataset.py        95     19     16      5  76.58%   52->50, 99->102, 105, 119-139, 164
src/mlops_project/evaluate.py       42     42      4      0   0.00%   1-65
src/mlops_project/model.py          32      0      2      1  97.06%   55->57
src/mlops_project/train.py          99     99     22      0   0.00%   1-208
src/mlops_project/utils.py          68     18     10      1  65.38%   13-37, 84->87
src/mlops_project/visualize.py      46     46      8      0   0.00%   1-58
-----------------------------------------------------------------------------
TOTAL                              457    246     68      8  43.24%
