Name                             Stmts   Miss Branch BrPart   Cover   Missing
-----------------------------------------------------------------------------
src/mlops_project/api.py            74     27      6      1  60.00%   44-47, 117-149, 162-167
src/mlops_project/data.py           78     22      6      1  72.62%   111-144, 161
src/mlops_project/dataset.py       104     78     18      2  22.95%   19->25, 47-53, 58-82, 86-87, 91, 107-176, 180
src/mlops_project/evaluate.py       48     48      4      0   0.00%   1-75
src/mlops_project/model.py          32     20      2      0  35.29%   17-21, 35, 50-68, 76-77, 92-93, 105
src/mlops_project/train.py         108    108     26      0   0.00%   1-219
src/mlops_project/utils.py          71     51     12      0  24.10%   14-38, 52-76, 85-93, 96, 99, 102, 105, 111-118
src/mlops_project/visualize.py      59     59     10      0   0.00%   1-81
-----------------------------------------------------------------------------
TOTAL                              574    413     84      4  25.68%
